<?xml version="1.0" encoding="UTF-8"?>
<!-- Generated by org.testng.reporters.JUnitReportReporter -->
<testsuite hostname="DESKTOP-H9TQQ6R" failures="0" tests="3" name="com.crm.qa.testcases.HomePageTest" time="113.663" errors="0" timestamp="2022-10-14T15:36:08 IST" skipped="0">
  <testcase classname="com.crm.qa.testcases.HomePageTest" name="verifyHOmePageTitleTest" time="34.355"/>
  <system-out/>
  <testcase classname="com.crm.qa.testcases.HomePageTest" name="verifyUserNameTest" time="43.383"/>
  <system-out/>
  <testcase classname="com.crm.qa.testcases.HomePageTest" name="verifyContactsLinkTest" time="35.925"/>
  <system-out/>
</testsuite> <!-- com.crm.qa.testcases.HomePageTest -->
