<?xml version="1.0" encoding="UTF-8"?>
<!-- Generated by org.testng.reporters.JUnitReportReporter -->
<testsuite hostname="DESKTOP-H9TQQ6R" failures="0" tests="3" name="com.crm.qa.testcases.LoginPageTest" time="84.884" errors="0" timestamp="2022-10-14T15:36:08 IST" skipped="0">
  <testcase classname="com.crm.qa.testcases.LoginPageTest" name="loginPageTitleTest" time="21.297"/>
  <system-out/>
  <testcase classname="com.crm.qa.testcases.LoginPageTest" name="crmLogoImageTest" time="16.473"/>
  <system-out/>
  <testcase classname="com.crm.qa.testcases.LoginPageTest" name="loginTest" time="47.114"/>
  <system-out/>
</testsuite> <!-- com.crm.qa.testcases.LoginPageTest -->
